<?xml version="1.0" encoding="UTF-8"?>
<testng-results skipped="0" failed="0" ignored="0" total="2" passed="2">
  <reporter-output>
  </reporter-output>
  <suite name="Testsuite" duration-ms="18204" started-at="2017-10-27T01:10:12Z" finished-at="2017-10-27T01:10:31Z">
    <groups>
    </groups>
    <test name="ChromeTest" duration-ms="10129" started-at="2017-10-27T01:10:12Z" finished-at="2017-10-27T01:10:22Z">
      <class name="org.testJenkins.TestGrid">
        <test-method status="PASS" signature="launchapp(java.lang.String)[pri:0, instance:org.testJenkins.TestGrid@4e04a765]" name="launchapp" is-config="true" duration-ms="9608" started-at="2017-10-27T09:10:12Z" finished-at="2017-10-27T09:10:22Z">
          <params>
            <param index="0">
              <value>
                <![CDATA[chrome]]>
              </value>
            </param>
          </params>
          <reporter-output>
          </reporter-output>
        </test-method> <!-- launchapp -->
        <test-method status="PASS" signature="calculatepercent()[pri:0, instance:org.testJenkins.TestGrid@4e04a765]" name="calculatepercent" duration-ms="293" started-at="2017-10-27T09:10:22Z" finished-at="2017-10-27T09:10:22Z">
          <reporter-output>
          </reporter-output>
        </test-method> <!-- calculatepercent -->
        <test-method status="PASS" signature="closeBrowser()[pri:0, instance:org.testJenkins.TestGrid@4e04a765]" name="closeBrowser" is-config="true" duration-ms="220" started-at="2017-10-27T09:10:22Z" finished-at="2017-10-27T09:10:22Z">
          <reporter-output>
          </reporter-output>
        </test-method> <!-- closeBrowser -->
      </class> <!-- org.testJenkins.TestGrid -->
    </test> <!-- ChromeTest -->
    <test name="FirefoxTest" duration-ms="18204" started-at="2017-10-27T01:10:12Z" finished-at="2017-10-27T01:10:31Z">
      <class name="org.testJenkins.TestGrid">
        <test-method status="PASS" signature="launchapp(java.lang.String)[pri:0, instance:org.testJenkins.TestGrid@6aaa5eb0]" name="launchapp" is-config="true" duration-ms="17293" started-at="2017-10-27T09:10:12Z" finished-at="2017-10-27T09:10:30Z">
          <params>
            <param index="0">
              <value>
                <![CDATA[firefox]]>
              </value>
            </param>
          </params>
          <reporter-output>
          </reporter-output>
        </test-method> <!-- launchapp -->
        <test-method status="PASS" signature="calculatepercent()[pri:0, instance:org.testJenkins.TestGrid@6aaa5eb0]" name="calculatepercent" duration-ms="405" started-at="2017-10-27T09:10:30Z" finished-at="2017-10-27T09:10:30Z">
          <reporter-output>
          </reporter-output>
        </test-method> <!-- calculatepercent -->
        <test-method status="PASS" signature="closeBrowser()[pri:0, instance:org.testJenkins.TestGrid@6aaa5eb0]" name="closeBrowser" is-config="true" duration-ms="502" started-at="2017-10-27T09:10:30Z" finished-at="2017-10-27T09:10:31Z">
          <reporter-output>
          </reporter-output>
        </test-method> <!-- closeBrowser -->
      </class> <!-- org.testJenkins.TestGrid -->
    </test> <!-- FirefoxTest -->
  </suite> <!-- Testsuite -->
</testng-results>
