<?xml version="1.0" encoding="UTF-8"?>
<testsuite xmlns:xsi="http://www.w3.org/2001/XMLSchema-instance" xsi:noNamespaceSchemaLocation="https://maven.apache.org/surefire/maven-surefire-plugin/xsd/surefire-test-report.xsd" name="TestSuite" time="18.601" tests="2" errors="0" skipped="0" failures="0">
  <properties>
[...]
</properties>
  <testcase name="calculatepercent" classname="org.testJenkins.TestGrid" time="0.293"/>
  <testcase name="calculatepercent" classname="org.testJenkins.TestGrid" time="0.406"/>
</testsuite>